2021-12-14 14:43:52,582 INFO o.a.j.u.JMeterUtils: Setting Locale to en_EN
2021-12-14 14:43:52,625 INFO o.a.j.JMeter: Loading user properties from: /usr/local/Cellar/jmeter/5.4.1/libexec/bin/user.properties
2021-12-14 14:43:52,625 INFO o.a.j.JMeter: Loading system properties from: /usr/local/Cellar/jmeter/5.4.1/libexec/bin/system.properties
2021-12-14 14:43:52,639 INFO o.a.j.JMeter: Copyright (c) 1998-2021 The Apache Software Foundation
2021-12-14 14:43:52,639 INFO o.a.j.JMeter: Version 5.4.1
2021-12-14 14:43:52,640 INFO o.a.j.JMeter: java.version=17.0.1
2021-12-14 14:43:52,640 INFO o.a.j.JMeter: java.vm.name=OpenJDK 64-Bit Server VM
2021-12-14 14:43:52,640 INFO o.a.j.JMeter: os.name=Mac OS X
2021-12-14 14:43:52,640 INFO o.a.j.JMeter: os.arch=x86_64
2021-12-14 14:43:52,640 INFO o.a.j.JMeter: os.version=11.5.2
2021-12-14 14:43:52,640 INFO o.a.j.JMeter: file.encoding=UTF-8
2021-12-14 14:43:52,640 INFO o.a.j.JMeter: java.awt.headless=null
2021-12-14 14:43:52,640 INFO o.a.j.JMeter: Max memory     =1073741824
2021-12-14 14:43:52,640 INFO o.a.j.JMeter: Available Processors =8
2021-12-14 14:43:52,658 INFO o.a.j.JMeter: Default Locale=English (EN)
2021-12-14 14:43:52,658 INFO o.a.j.JMeter: JMeter  Locale=English (EN)
2021-12-14 14:43:52,658 INFO o.a.j.JMeter: JMeterHome=/usr/local/Cellar/jmeter/5.4.1/libexec
2021-12-14 14:43:52,659 INFO o.a.j.JMeter: user.dir  =/Applications/IntelliJ IDEA.app/Contents/config
2021-12-14 14:43:52,659 INFO o.a.j.JMeter: PWD       =/Applications/IntelliJ IDEA.app/Contents/config
2021-12-14 14:43:52,663 INFO o.a.j.JMeter: IP: 127.0.0.1 Name: Wake.local FullName: localhost
